<?xml version="1.0" encoding="UTF-8"?>
<!-- Generated by org.testng.reporters.JUnitReportReporter -->
<testsuite hostname="DESKTOP-MP16OKR" failures="0" tests="5" name="testCases.TC_003_LoginDataDrivenTest" time="37.834" errors="0" timestamp="2023-07-29T19:53:37 IST" skipped="0">
  <testcase classname="testCases.TC_003_LoginDataDrivenTest" name="DataDrivenTest" time="10.937"/>
  <testcase classname="testCases.TC_003_LoginDataDrivenTest" name="DataDrivenTest" time="11.359"/>
  <testcase classname="testCases.TC_003_LoginDataDrivenTest" name="DataDrivenTest" time="2.304"/>
  <testcase classname="testCases.TC_003_LoginDataDrivenTest" name="DataDrivenTest" time="11.328"/>
  <testcase classname="testCases.TC_003_LoginDataDrivenTest" name="DataDrivenTest" time="1.906"/>
</testsuite> <!-- testCases.TC_003_LoginDataDrivenTest -->
