<?xml version="1.0" encoding="UTF-8"?>
<!-- Generated by org.testng.reporters.JUnitReportReporter -->
<testsuite hostname="DESKTOP-MP16OKR" failures="0" tests="1" name="testCases.TC_001_AccountRigistrationTest" time="6.368" errors="0" timestamp="2023-07-30T01:51:28 IST" skipped="0">
  <testcase classname="testCases.TC_001_AccountRigistrationTest" name="AccountRegistrationTest" time="6.368"/>
</testsuite> <!-- testCases.TC_001_AccountRigistrationTest -->
