<?xml version="1.0" encoding="UTF-8"?>
<!-- Generated by org.testng.reporters.JUnitReportReporter -->
<testsuite hostname="DESKTOP-MP16OKR" failures="0" tests="1" name="testCases.TC_002_LoginTest" time="1.428" errors="0" timestamp="2023-07-30T01:51:28 IST" skipped="0">
  <testcase classname="testCases.TC_002_LoginTest" name="testlogin" time="1.428"/>
</testsuite> <!-- testCases.TC_002_LoginTest -->
